ReferenceError: getField is not defined (  @ 193 : 16 )  ->     var month = getField("FR_00000_Calendar.CalendarMonth").currentValueIndice
TypeError: Object [object Global] has no method 'getField' (  @ 1 : 30 )  -> FormRouter_PlaceCalendar(this.getField("FormDateField"), false, "mmmm dd, yy")
ReferenceError: getField is not defined (  @ 193 : 16 )  ->     var month = getField("FR_00000_Calendar.CalendarMonth").currentValueIndice
ReferenceError: getField is not defined (  @ 193 : 16 )  ->     var month = getField("FR_00000_Calendar.CalendarMonth").currentValueIndice
ReferenceError: getField is not defined (  @ 193 : 16 )  ->     var month = getField("FR_00000_Calendar.CalendarMonth").currentValueIndice
ReferenceError: getField is not defined (  @ 193 : 16 )  ->     var month = getField("FR_00000_Calendar.CalendarMonth").currentValueIndice
ReferenceError: getField is not defined (  @ 193 : 16 )  ->     var month = getField("FR_00000_Calendar.CalendarMonth").currentValueIndice
ReferenceError: getField is not defined (  @ 193 : 16 )  ->     var month = getField("FR_00000_Calendar.CalendarMonth").currentValueIndice
ReferenceError: getField is not defined (  @ 193 : 16 )  ->     var month = getField("FR_00000_Calendar.CalendarMonth").currentValueIndice
ReferenceError: getField is not defined (  @ 193 : 16 )  ->     var month = getField("FR_00000_Calendar.CalendarMonth").currentValueIndice
ReferenceError: getField is not defined (  @ 193 : 16 )  ->     var month = getField("FR_00000_Calendar.CalendarMonth").currentValueIndice
ReferenceError: getField is not defined (  @ 193 : 16 )  ->     var month = getField("FR_00000_Calendar.CalendarMonth").currentValueIndice
ReferenceError: getField is not defined (  @ 193 : 16 )  ->     var month = getField("FR_00000_Calendar.CalendarMonth").currentValueIndice
ReferenceError: getField is not defined (  @ 193 : 16 )  ->     var month = getField("FR_00000_Calendar.CalendarMonth").currentValueIndice
ReferenceError: getField is not defined (  @ 193 : 16 )  ->     var month = getField("FR_00000_Calendar.CalendarMonth").currentValueIndice
ReferenceError: getField is not defined (  @ 193 : 16 )  ->     var month = getField("FR_00000_Calendar.CalendarMonth").currentValueIndice
ReferenceError: getField is not defined (  @ 193 : 16 )  ->     var month = getField("FR_00000_Calendar.CalendarMonth").currentValueIndice
ReferenceError: getField is not defined (  @ 193 : 16 )  ->     var month = getField("FR_00000_Calendar.CalendarMonth").currentValueIndice
ReferenceError: getField is not defined (  @ 193 : 16 )  ->     var month = getField("FR_00000_Calendar.CalendarMonth").currentValueIndice
ReferenceError: getField is not defined (  @ 193 : 16 )  ->     var month = getField("FR_00000_Calendar.CalendarMonth").currentValueIndice
ReferenceError: getField is not defined (  @ 193 : 16 )  ->     var month = getField("FR_00000_Calendar.CalendarMonth").currentValueIndice
ReferenceError: getField is not defined (  @ 193 : 16 )  ->     var month = getField("FR_00000_Calendar.CalendarMonth").currentValueIndice
ReferenceError: getField is not defined (  @ 193 : 16 )  ->     var month = getField("FR_00000_Calendar.CalendarMonth").currentValueIndice
ReferenceError: getField is not defined (  @ 193 : 16 )  ->     var month = getField("FR_00000_Calendar.CalendarMonth").currentValueIndice
ReferenceError: getField is not defined (  @ 193 : 16 )  ->     var month = getField("FR_00000_Calendar.CalendarMonth").currentValueIndice
ReferenceError: getField is not defined (  @ 193 : 16 )  ->     var month = getField("FR_00000_Calendar.CalendarMonth").currentValueIndice
ReferenceError: getField is not defined (  @ 193 : 16 )  ->     var month = getField("FR_00000_Calendar.CalendarMonth").currentValueIndice
ReferenceError: getField is not defined (  @ 193 : 16 )  ->     var month = getField("FR_00000_Calendar.CalendarMonth").currentValueIndice
ReferenceError: getField is not defined (  @ 193 : 16 )  ->     var month = getField("FR_00000_Calendar.CalendarMonth").currentValueIndice
ReferenceError: getField is not defined (  @ 193 : 16 )  ->     var month = getField("FR_00000_Calendar.CalendarMonth").currentValueIndice
ReferenceError: getField is not defined (  @ 193 : 16 )  ->     var month = getField("FR_00000_Calendar.CalendarMonth").currentValueIndice
ReferenceError: getField is not defined (  @ 193 : 16 )  ->     var month = getField("FR_00000_Calendar.CalendarMonth").currentValueIndice
SyntaxError: Unexpected identifier (  @ 1 : 8 )  -> q / GS0 gs
TypeError: Object [object Global] has no method 'getField' (  @ 1 : 30 )  -> FormRouter_PlaceCalendar(this.getField("DateTest2"), true, "ddd mmm d, yyyy");
ReferenceError: getField is not defined (  @ 193 : 16 )  ->     var month = getField("FR_00000_Calendar.CalendarMonth").currentValueIndice
ReferenceError: getField is not defined (  @ 193 : 16 )  ->     var month = getField("FR_00000_Calendar.CalendarMonth").currentValueIndice
ReferenceError: getField is not defined (  @ 193 : 16 )  ->     var month = getField("FR_00000_Calendar.CalendarMonth").currentValueIndice
ReferenceError: getField is not defined (  @ 193 : 16 )  ->     var month = getField("FR_00000_Calendar.CalendarMonth").currentValueIndice
ReferenceError: getField is not defined (  @ 193 : 16 )  ->     var month = getField("FR_00000_Calendar.CalendarMonth").currentValueIndice
ReferenceError: getField is not defined (  @ 193 : 16 )  ->     var month = getField("FR_00000_Calendar.CalendarMonth").currentValueIndice
ReferenceError: getField is not defined (  @ 193 : 16 )  ->     var month = getField("FR_00000_Calendar.CalendarMonth").currentValueIndice
ReferenceError: getField is not defined (  @ 193 : 16 )  ->     var month = getField("FR_00000_Calendar.CalendarMonth").currentValueIndice
ReferenceError: getField is not defined (  @ 193 : 16 )  ->     var month = getField("FR_00000_Calendar.CalendarMonth").currentValueIndice
ReferenceError: getField is not defined (  @ 193 : 16 )  ->     var month = getField("FR_00000_Calendar.CalendarMonth").currentValueIndice
TypeError: Object [object Global] has no method 'getField' (  @ 1 : 30 )  -> FormRouter_PlaceCalendar(this.getField("FormDateField.1"), false, "mmm d, yyyy
TypeError: Object [object Global] has no method 'getField' (  @ 1 : 30 )  -> FormRouter_PlaceCalendar(this.getField("DateTest1"), false, "mm/dd/yyyy");
ReferenceError: getField is not defined (  @ 193 : 16 )  ->     var month = getField("FR_00000_Calendar.CalendarMonth").currentValueIndice
ReferenceError: getField is not defined (  @ 193 : 16 )  ->     var month = getField("FR_00000_Calendar.CalendarMonth").currentValueIndice
ReferenceError: getField is not defined (  @ 193 : 16 )  ->     var month = getField("FR_00000_Calendar.CalendarMonth").currentValueIndice
ReferenceError: getField is not defined (  @ 193 : 16 )  ->     var month = getField("FR_00000_Calendar.CalendarMonth").currentValueIndice
ReferenceError: getField is not defined (  @ 193 : 16 )  ->     var month = getField("FR_00000_Calendar.CalendarMonth").currentValueIndice
ReferenceError: getField is not defined (  @ 193 : 16 )  ->     var month = getField("FR_00000_Calendar.CalendarMonth").currentValueIndice
ReferenceError: getField is not defined (  @ 193 : 16 )  ->     var month = getField("FR_00000_Calendar.CalendarMonth").currentValueIndice
ReferenceError: getField is not defined (  @ 193 : 16 )  ->     var month = getField("FR_00000_Calendar.CalendarMonth").currentValueIndice
ReferenceError: getField is not defined (  @ 193 : 16 )  ->     var month = getField("FR_00000_Calendar.CalendarMonth").currentValueIndice
ReferenceError: getField is not defined (  @ 193 : 16 )  ->     var month = getField("FR_00000_Calendar.CalendarMonth").currentValueIndice
ReferenceError: getField is not defined (  @ 193 : 16 )  ->     var month = getField("FR_00000_Calendar.CalendarMonth").currentValueIndice
ReferenceError: getField is not defined (  @ 193 : 16 )  ->     var month = getField("FR_00000_Calendar.CalendarMonth").currentValueIndice
ReferenceError: getField is not defined (  @ 193 : 16 )  ->     var month = getField("FR_00000_Calendar.CalendarMonth").currentValueIndice
ReferenceError: getField is not defined (  @ 193 : 16 )  ->     var month = getField("FR_00000_Calendar.CalendarMonth").currentValueIndice
ReferenceError: getField is not defined (  @ 193 : 16 )  ->     var month = getField("FR_00000_Calendar.CalendarMonth").currentValueIndice
ReferenceError: getField is not defined (  @ 193 : 16 )  ->     var month = getField("FR_00000_Calendar.CalendarMonth").currentValueIndice
ReferenceError: getField is not defined (  @ 193 : 16 )  ->     var month = getField("FR_00000_Calendar.CalendarMonth").currentValueIndice
ReferenceError: getField is not defined (  @ 193 : 16 )  ->     var month = getField("FR_00000_Calendar.CalendarMonth").currentValueIndice
ReferenceError: getField is not defined (  @ 193 : 16 )  ->     var month = getField("FR_00000_Calendar.CalendarMonth").currentValueIndice
ReferenceError: getField is not defined (  @ 193 : 16 )  ->     var month = getField("FR_00000_Calendar.CalendarMonth").currentValueIndice
ReferenceError: getField is not defined (  @ 193 : 16 )  ->     var month = getField("FR_00000_Calendar.CalendarMonth").currentValueIndice
ReferenceError: event is not defined (  @ 1 : 5 )  -> if (!event.WillCommit) {
ReferenceError: event is not defined (  @ 1 : 5 )  -> if (!event.willCommit) {
